<?xml version="1.0" encoding="UTF-8"?>
<testng-results ignored="0" total="1" passed="1" failed="0" skipped="0">
  <reporter-output>
  </reporter-output>
  <suite started-at="2023-12-19T23:29:15 IST" name="Default suite" finished-at="2023-12-19T23:29:21 IST" duration-ms="5621">
    <groups>
    </groups>
    <test started-at="2023-12-19T23:29:15 IST" name="Default test" finished-at="2023-12-19T23:29:21 IST" duration-ms="5621">
      <class name="testCases.TestCase12">
        <test-method is-config="true" signature="setup()[pri:0, instance:testCases.TestCase12@273444fe]" started-at="2023-12-19T23:29:15 IST" name="setup" finished-at="2023-12-19T23:29:17 IST" duration-ms="1985" status="PASS">
          <reporter-output>
          </reporter-output>
        </test-method> <!-- setup -->
        <test-method is-config="true" signature="launchingURL()[pri:0, instance:testCases.TestCase12@273444fe]" started-at="2023-12-19T23:29:17 IST" name="launchingURL" finished-at="2023-12-19T23:29:21 IST" duration-ms="3424" status="PASS">
          <reporter-output>
          </reporter-output>
        </test-method> <!-- launchingURL -->
        <test-method signature="AddProductinCart()[pri:0, instance:testCases.TestCase12@273444fe]" started-at="2023-12-19T23:29:21 IST" name="AddProductinCart" finished-at="2023-12-19T23:29:21 IST" duration-ms="53" status="PASS">
          <reporter-output>
          </reporter-output>
        </test-method> <!-- AddProductinCart -->
        <test-method is-config="true" signature="shutdown()[pri:0, instance:testCases.TestCase12@273444fe]" started-at="2023-12-19T23:29:21 IST" name="shutdown" finished-at="2023-12-19T23:29:21 IST" duration-ms="121" status="PASS">
          <reporter-output>
          </reporter-output>
        </test-method> <!-- shutdown -->
      </class> <!-- testCases.TestCase12 -->
    </test> <!-- Default test -->
  </suite> <!-- Default suite -->
</testng-results>
